2015-07-29 17:21:10,725 DEBUG Called get_data method
2015-07-29 17:21:10,851 DEBUG Found user
2015-07-29 17:21:10,853 DEBUG Get Data: 
2015-07-29 17:21:10,853 DEBUG Base Date: 2015-07-20
2015-07-29 17:21:10,853 DEBUG End Date: 2015-07-29
2015-07-29 17:21:10,879 DEBUG If Fitapp_subscribe
2015-07-29 17:21:27,212 DEBUG Called get_data method
2015-07-29 17:21:27,337 DEBUG Found user
2015-07-29 17:21:27,339 DEBUG Get Data: 
2015-07-29 17:21:27,340 DEBUG Base Date: 2015-07-29
2015-07-29 17:21:27,340 DEBUG End Date: 2015-07-29
2015-07-29 17:21:27,340 DEBUG If Fitapp_subscribe
2015-07-29 17:21:31,612 DEBUG Called get_data method
2015-07-29 17:21:31,738 DEBUG Found user
2015-07-29 17:21:31,739 DEBUG Get Data: 
2015-07-29 17:21:31,739 DEBUG Base Date: 2015-07-29
2015-07-29 17:21:31,739 DEBUG End Date: 2015-07-29
2015-07-29 17:21:31,740 DEBUG If Fitapp_subscribe
2015-07-29 17:21:32,990 DEBUG Called get_data method
2015-07-29 17:21:33,114 DEBUG Found user
2015-07-29 17:21:33,116 DEBUG Get Data: 
2015-07-29 17:21:33,116 DEBUG Base Date: 2015-07-29
2015-07-29 17:21:33,117 DEBUG End Date: 2015-07-29
2015-07-29 17:21:33,117 DEBUG If Fitapp_subscribe
2015-07-29 17:21:34,494 DEBUG Called get_data method
2015-07-29 17:21:34,617 DEBUG Found user
2015-07-29 17:21:34,618 DEBUG Get Data: 
2015-07-29 17:21:34,619 DEBUG Base Date: 2015-07-29
2015-07-29 17:21:34,619 DEBUG End Date: 2015-07-29
2015-07-29 17:21:34,619 DEBUG If Fitapp_subscribe
2015-07-29 17:21:35,902 DEBUG Called get_data method
2015-07-29 17:21:36,025 DEBUG Found user
2015-07-29 17:21:36,027 DEBUG Get Data: 
2015-07-29 17:21:36,027 DEBUG Base Date: 2015-07-29
2015-07-29 17:21:36,027 DEBUG End Date: 2015-07-29
2015-07-29 17:21:36,027 DEBUG If Fitapp_subscribe
2015-07-29 17:21:37,260 DEBUG Called get_data method
2015-07-29 17:21:37,384 DEBUG Found user
2015-07-29 17:21:37,385 DEBUG Get Data: 
2015-07-29 17:21:37,385 DEBUG Base Date: 2015-07-29
2015-07-29 17:21:37,385 DEBUG End Date: 2015-07-29
2015-07-29 17:21:37,386 DEBUG If Fitapp_subscribe
2015-07-29 17:21:38,732 DEBUG Called get_data method
2015-07-29 17:21:38,856 DEBUG Found user
2015-07-29 17:21:38,857 DEBUG Get Data: 
2015-07-29 17:21:38,857 DEBUG Base Date: 2015-07-29
2015-07-29 17:21:38,858 DEBUG End Date: 2015-07-29
2015-07-29 17:21:38,858 DEBUG If Fitapp_subscribe
2015-07-29 17:21:40,203 DEBUG Called get_data method
2015-07-29 17:21:40,325 DEBUG Found user
2015-07-29 17:21:40,327 DEBUG Get Data: 
2015-07-29 17:21:40,327 DEBUG Base Date: 2015-07-29
2015-07-29 17:21:40,327 DEBUG End Date: 2015-07-29
2015-07-29 17:21:40,327 DEBUG If Fitapp_subscribe
2015-07-29 17:21:41,610 DEBUG Called get_data method
2015-07-29 17:21:41,734 DEBUG Found user
2015-07-29 17:21:41,735 DEBUG Get Data: 
2015-07-29 17:21:41,735 DEBUG Base Date: 2015-07-29
2015-07-29 17:21:41,735 DEBUG End Date: 2015-07-29
2015-07-29 17:21:41,736 DEBUG If Fitapp_subscribe
2015-07-29 17:22:08,098 DEBUG Called get_data method
2015-07-29 17:22:08,220 DEBUG Found user
2015-07-29 17:22:08,221 DEBUG Get Data: 
2015-07-29 17:22:08,222 DEBUG Base Date: 2015-07-29
2015-07-29 17:22:08,222 DEBUG End Date: 2015-07-29
2015-07-29 17:22:08,222 DEBUG If Fitapp_subscribe
2015-07-29 17:22:11,104 DEBUG Called get_data method
2015-07-29 17:22:11,228 DEBUG Found user
2015-07-29 17:22:11,230 DEBUG Get Data: 
2015-07-29 17:22:11,230 DEBUG Base Date: 2015-07-29
2015-07-29 17:22:11,230 DEBUG End Date: 2015-07-29
2015-07-29 17:22:11,230 DEBUG If Fitapp_subscribe
2015-07-29 17:22:12,527 DEBUG Called get_data method
2015-07-29 17:22:12,653 DEBUG Found user
2015-07-29 17:22:12,654 DEBUG Get Data: 
2015-07-29 17:22:12,654 DEBUG Base Date: 2015-07-29
2015-07-29 17:22:12,655 DEBUG End Date: 2015-07-29
2015-07-29 17:22:12,655 DEBUG If Fitapp_subscribe
2015-07-29 17:22:13,911 DEBUG Called get_data method
2015-07-29 17:22:14,035 DEBUG Found user
2015-07-29 17:22:14,037 DEBUG Get Data: 
2015-07-29 17:22:14,037 DEBUG Base Date: 2015-07-29
2015-07-29 17:22:14,037 DEBUG End Date: 2015-07-29
2015-07-29 17:22:14,037 DEBUG If Fitapp_subscribe
2015-08-01 14:06:04,666 DEBUG Called get_data method
2015-08-01 14:06:04,790 DEBUG Found user
2015-08-01 14:06:04,791 DEBUG Get Data: 
2015-08-01 14:06:04,791 DEBUG Base Date: 2015-07-29
2015-08-01 14:06:04,791 DEBUG End Date: 2015-08-01
2015-08-01 14:06:04,916 DEBUG If Fitapp_subscribe
2015-08-01 14:06:20,635 DEBUG Called get_data method
2015-08-01 14:06:20,759 DEBUG Found user
2015-08-01 14:06:20,760 DEBUG Get Data: 
2015-08-01 14:06:20,760 DEBUG Base Date: 2015-08-01
2015-08-01 14:06:20,760 DEBUG End Date: 2015-08-01
2015-08-01 14:06:20,761 DEBUG If Fitapp_subscribe
2015-08-01 14:06:54,709 DEBUG Called get_data method
2015-08-01 14:06:54,832 DEBUG Found user
2015-08-01 14:06:54,834 DEBUG Get Data: 
2015-08-01 14:06:54,834 DEBUG Base Date: 2015-08-01
2015-08-01 14:06:54,834 DEBUG End Date: 2015-08-01
2015-08-01 14:06:54,834 DEBUG If Fitapp_subscribe
2015-08-01 14:07:21,351 DEBUG Called get_data method
2015-08-01 14:07:21,475 DEBUG Found user
2015-08-01 14:07:21,477 DEBUG Get Data: 
2015-08-01 14:07:21,477 DEBUG Base Date: 2015-08-01
2015-08-01 14:07:21,477 DEBUG End Date: 2015-08-01
2015-08-01 14:07:21,477 DEBUG If Fitapp_subscribe
2015-08-01 14:56:59,127 DEBUG Called get_data method
2015-08-01 14:56:59,252 DEBUG Found user
2015-08-01 14:56:59,254 DEBUG Get Data: 
2015-08-01 14:56:59,254 DEBUG Base Date: 2015-08-01
2015-08-01 14:56:59,254 DEBUG End Date: 2015-08-01
2015-08-01 14:56:59,257 DEBUG If Fitapp_subscribe
2015-08-01 15:31:33,594 DEBUG Called get_data method
2015-08-01 15:31:33,718 DEBUG Found user
2015-08-01 15:31:33,720 DEBUG Get Data: 
2015-08-01 15:31:33,720 DEBUG Base Date: 2015-08-01
2015-08-01 15:31:33,720 DEBUG End Date: 2015-08-01
2015-08-01 15:31:33,723 DEBUG If Fitapp_subscribe
2015-08-01 15:31:44,275 DEBUG Called get_data method
2015-08-01 15:31:44,403 DEBUG Found user
2015-08-01 15:31:44,405 DEBUG Get Data: 
2015-08-01 15:31:44,405 DEBUG Base Date: 2015-08-01
2015-08-01 15:31:44,405 DEBUG End Date: 2015-08-01
2015-08-01 15:31:44,406 DEBUG If Fitapp_subscribe
2015-08-01 15:31:50,822 DEBUG Called get_data method
2015-08-01 15:31:50,947 DEBUG Found user
2015-08-01 15:31:50,948 DEBUG Get Data: 
2015-08-01 15:31:50,948 DEBUG Base Date: 2015-08-01
2015-08-01 15:31:50,948 DEBUG End Date: 2015-08-01
2015-08-01 15:31:50,949 DEBUG If Fitapp_subscribe
2015-08-01 15:33:19,728 DEBUG Called get_data method
2015-08-01 15:33:19,854 DEBUG Found user
2015-08-01 15:33:19,856 DEBUG Get Data: 
2015-08-01 15:33:19,856 DEBUG Base Date: 2015-08-01
2015-08-01 15:33:19,856 DEBUG End Date: 2015-08-01
2015-08-01 15:33:19,856 DEBUG If Fitapp_subscribe
2015-08-01 15:33:28,275 DEBUG Called get_data method
2015-08-01 15:33:28,401 DEBUG Found user
2015-08-01 15:33:28,402 DEBUG Get Data: 
2015-08-01 15:33:28,402 DEBUG Base Date: 2015-08-01
2015-08-01 15:33:28,402 DEBUG End Date: 2015-08-01
2015-08-01 15:33:28,403 DEBUG If Fitapp_subscribe
2015-08-04 13:36:30,224 DEBUG Called get_data method
2015-08-04 13:36:30,349 DEBUG Found user
2015-08-04 13:36:30,351 DEBUG Get Data: 
2015-08-04 13:36:30,351 DEBUG Base Date: 2015-08-01
2015-08-04 13:36:30,351 DEBUG End Date: 2015-08-04
2015-08-04 13:36:30,360 DEBUG If Fitapp_subscribe
2015-08-22 11:41:39,695 DEBUG User fitbit register call back receieved
2015-08-22 11:41:43,548 DEBUG Added user fitbit infos to local database
2015-09-10 13:48:18,969 DEBUG User fitbit register call back receieved
2015-09-10 13:48:19,957 DEBUG Added user fitbit infos to local database
2015-09-10 13:48:21,186 DEBUG Updating fitbit resource: steps
2015-09-10 13:48:21,187 DEBUG Started celery job to retrieve users fitbit steps
